
**** Build of configuration Debug for project EQ ****

"C:\\ti\\ccsv6\\utils\\bin\\gmake" -k all 
'Building file: ../aic3204.c'
'Invoking: C5500 Compiler'
"C:/ti/ccsv6/tools/compiler/c5500_4.4.1/bin/cl55" -v5515 --memory_model=large -g --include_path="C:/ti/ccsv6/tools/compiler/c5500_4.4.1/include" --include_path="C:/materija/RA47-2014/New folder/DSP2/Zadatak1rad/EQ/c55xx_csl/inc" --include_path="C:/materija/RA47-2014/New folder/DSP2/Zadatak1rad/EQ/include" --define=c5535 --diag_warning=225 --ptrdiff_size=16 --preproc_with_compile --preproc_dependency="aic3204.pp"  "../aic3204.c"
'Finished building: ../aic3204.c'
' '
'Building file: ../aic3204_init.c'
'Invoking: C5500 Compiler'
"C:/ti/ccsv6/tools/compiler/c5500_4.4.1/bin/cl55" -v5515 --memory_model=large -g --include_path="C:/ti/ccsv6/tools/compiler/c5500_4.4.1/include" --include_path="C:/materija/RA47-2014/New folder/DSP2/Zadatak1rad/EQ/c55xx_csl/inc" --include_path="C:/materija/RA47-2014/New folder/DSP2/Zadatak1rad/EQ/include" --define=c5535 --diag_warning=225 --ptrdiff_size=16 --preproc_with_compile --preproc_dependency="aic3204_init.pp"  "../aic3204_init.c"
'Finished building: ../aic3204_init.c'
' '
'Building file: ../ezdsp5535_aic3204_dma.c'
'Invoking: C5500 Compiler'
"C:/ti/ccsv6/tools/compiler/c5500_4.4.1/bin/cl55" -v5515 --memory_model=large -g --include_path="C:/ti/ccsv6/tools/compiler/c5500_4.4.1/include" --include_path="C:/materija/RA47-2014/New folder/DSP2/Zadatak1rad/EQ/c55xx_csl/inc" --include_path="C:/materija/RA47-2014/New folder/DSP2/Zadatak1rad/EQ/include" --define=c5535 --diag_warning=225 --ptrdiff_size=16 --preproc_with_compile --preproc_dependency="ezdsp5535_aic3204_dma.pp"  "../ezdsp5535_aic3204_dma.c"
'Finished building: ../ezdsp5535_aic3204_dma.c'
' '
'Building file: ../iir.c'
'Invoking: C5500 Compiler'
"C:/ti/ccsv6/tools/compiler/c5500_4.4.1/bin/cl55" -v5515 --memory_model=large -g --include_path="C:/ti/ccsv6/tools/compiler/c5500_4.4.1/include" --include_path="C:/materija/RA47-2014/New folder/DSP2/Zadatak1rad/EQ/c55xx_csl/inc" --include_path="C:/materija/RA47-2014/New folder/DSP2/Zadatak1rad/EQ/include" --define=c5535 --diag_warning=225 --ptrdiff_size=16 --preproc_with_compile --preproc_dependency="iir.pp"  "../iir.c"
'Finished building: ../iir.c'
' '
'Building file: ../main.c'
'Invoking: C5500 Compiler'
"C:/ti/ccsv6/tools/compiler/c5500_4.4.1/bin/cl55" -v5515 --memory_model=large -g --include_path="C:/ti/ccsv6/tools/compiler/c5500_4.4.1/include" --include_path="C:/materija/RA47-2014/New folder/DSP2/Zadatak1rad/EQ/c55xx_csl/inc" --include_path="C:/materija/RA47-2014/New folder/DSP2/Zadatak1rad/EQ/include" --define=c5535 --diag_warning=225 --ptrdiff_size=16 --preproc_with_compile --preproc_dependency="main.pp"  "../main.c"
"../main.c", line 73: warning: statement is unreachable
'Finished building: ../main.c'
' '
'Building file: ../print_number.c'
'Invoking: C5500 Compiler'
"C:/ti/ccsv6/tools/compiler/c5500_4.4.1/bin/cl55" -v5515 --memory_model=large -g --include_path="C:/ti/ccsv6/tools/compiler/c5500_4.4.1/include" --include_path="C:/materija/RA47-2014/New folder/DSP2/Zadatak1rad/EQ/c55xx_csl/inc" --include_path="C:/materija/RA47-2014/New folder/DSP2/Zadatak1rad/EQ/include" --define=c5535 --diag_warning=225 --ptrdiff_size=16 --preproc_with_compile --preproc_dependency="print_number.pp"  "../print_number.c"
'Finished building: ../print_number.c'
' '
'Building file: ../processing.c'
'Invoking: C5500 Compiler'
"C:/ti/ccsv6/tools/compiler/c5500_4.4.1/bin/cl55" -v5515 --memory_model=large -g --include_path="C:/ti/ccsv6/tools/compiler/c5500_4.4.1/include" --include_path="C:/materija/RA47-2014/New folder/DSP2/Zadatak1rad/EQ/c55xx_csl/inc" --include_path="C:/materija/RA47-2014/New folder/DSP2/Zadatak1rad/EQ/include" --define=c5535 --diag_warning=225 --ptrdiff_size=16 --preproc_with_compile --preproc_dependency="processing.pp"  "../processing.c"
"../processing.c", line 10: error: expected a ";"
"../processing.c", line 25: warning: missing return statement at end of non-void function "shelvingHP"
"../processing.c", line 30: warning: missing return statement at end of non-void function "shelvingLP"
"../processing.c", line 35: warning: missing return statement at end of non-void function "shelvingPeek"

1 error detected in the compilation of "../processing.c".
>> Compilation failure
gmake: *** [processing.obj] Error 1
gmake: Target `all' not remade because of errors.

**** Build Finished ****

**** Build of configuration Debug for project EQ ****

"C:\\ti\\ccsv6\\utils\\bin\\gmake" -k all 
'Building file: ../processing.c'
'Invoking: C5500 Compiler'
"C:/ti/ccsv6/tools/compiler/c5500_4.4.1/bin/cl55" -v5515 --memory_model=large -g --include_path="C:/ti/ccsv6/tools/compiler/c5500_4.4.1/include" --include_path="C:/materija/RA47-2014/New folder/DSP2/Zadatak1rad/EQ/c55xx_csl/inc" --include_path="C:/materija/RA47-2014/New folder/DSP2/Zadatak1rad/EQ/include" --define=c5535 --diag_warning=225 --ptrdiff_size=16 --preproc_with_compile --preproc_dependency="processing.pp"  "../processing.c"
'Finished building: ../processing.c'
' '
'Building target: EQ.out'
'Invoking: C5500 Linker'
"C:/ti/ccsv6/tools/compiler/c5500_4.4.1/bin/cl55" -v5515 --memory_model=large -g --define=c5535 --diag_warning=225 --ptrdiff_size=16 -z -m"EQ.map" --stack_size=0x200 --heap_size=0x400 -i"C:/ti/ccsv6/tools/compiler/c5500_4.4.1/lib" -i"C:/ti/ccsv6/tools/compiler/c5500_4.4.1/include" -i"C:/materija/RA47-2014/New folder/DSP2/Zadatak1rad/EQ/c55xx_csl/lib" -i"C:/materija/RA47-2014/New folder/DSP2/Zadatak1rad/EQ/lib" --reread_libs --warn_sections --xml_link_info="vezba-ezdsp_linkInfo.xml" --rom_model --sys_stacksize=0x200 -o "EQ.out" "./aic3204.obj" "./aic3204_init.obj" "./ezdsp5535_aic3204_dma.obj" "./iir.obj" "./main.obj" "./print_number.obj" "./processing.obj" "../lnkx.cmd" "../lib/ezdsp5535bsl.lib" "../c55xx_csl/lib/cslVC5505.lib"  -l"rts55x.lib" -l"ezdsp5535bsl.lib" -l"cslVC5505.lib" -l"libc.a" 
<Linking>
'Finished building target: EQ.out'
' '

**** Build Finished ****

**** Build of configuration Debug for project EQ ****

"C:\\ti\\ccsv6\\utils\\bin\\gmake" -k all 
'Building file: ../main.c'
'Invoking: C5500 Compiler'
"C:/ti/ccsv6/tools/compiler/c5500_4.4.1/bin/cl55" -v5515 --memory_model=large -g --include_path="C:/ti/ccsv6/tools/compiler/c5500_4.4.1/include" --include_path="C:/materija/RA47-2014/New folder/DSP2/Zadatak1rad/EQ/c55xx_csl/inc" --include_path="C:/materija/RA47-2014/New folder/DSP2/Zadatak1rad/EQ/include" --define=c5535 --diag_warning=225 --ptrdiff_size=16 --preproc_with_compile --preproc_dependency="main.pp"  "../main.c"
"../main.c", line 74: warning: statement is unreachable
'Finished building: ../main.c'
' '
'Building target: EQ.out'
'Invoking: C5500 Linker'
"C:/ti/ccsv6/tools/compiler/c5500_4.4.1/bin/cl55" -v5515 --memory_model=large -g --define=c5535 --diag_warning=225 --ptrdiff_size=16 -z -m"EQ.map" --stack_size=0x200 --heap_size=0x400 -i"C:/ti/ccsv6/tools/compiler/c5500_4.4.1/lib" -i"C:/ti/ccsv6/tools/compiler/c5500_4.4.1/include" -i"C:/materija/RA47-2014/New folder/DSP2/Zadatak1rad/EQ/c55xx_csl/lib" -i"C:/materija/RA47-2014/New folder/DSP2/Zadatak1rad/EQ/lib" --reread_libs --warn_sections --xml_link_info="vezba-ezdsp_linkInfo.xml" --rom_model --sys_stacksize=0x200 -o "EQ.out" "./aic3204.obj" "./aic3204_init.obj" "./ezdsp5535_aic3204_dma.obj" "./iir.obj" "./main.obj" "./print_number.obj" "./processing.obj" "../lnkx.cmd" "../lib/ezdsp5535bsl.lib" "../c55xx_csl/lib/cslVC5505.lib"  -l"rts55x.lib" -l"ezdsp5535bsl.lib" -l"cslVC5505.lib" -l"libc.a" 
<Linking>
'Finished building target: EQ.out'
' '

**** Build Finished ****

**** Build of configuration Debug for project EQ ****

"C:\\ti\\ccsv6\\utils\\bin\\gmake" -k all 
'Building file: ../main.c'
'Invoking: C5500 Compiler'
"C:/ti/ccsv6/tools/compiler/c5500_4.4.1/bin/cl55" -v5515 --memory_model=large -g --include_path="C:/ti/ccsv6/tools/compiler/c5500_4.4.1/include" --include_path="C:/materija/RA47-2014/New folder/DSP2/Zadatak1rad/EQ/c55xx_csl/inc" --include_path="C:/materija/RA47-2014/New folder/DSP2/Zadatak1rad/EQ/include" --define=c5535 --diag_warning=225 --ptrdiff_size=16 --preproc_with_compile --preproc_dependency="main.pp"  "../main.c"
"../main.c", line 66: error: argument of type "double" is incompatible with parameter of type "Int16 *"
"../main.c", line 66: error: too many arguments in function call
"../main.c", line 74: warning: statement is unreachable

2 errors detected in the compilation of "../main.c".
>> Compilation failure
gmake: *** [main.obj] Error 1
'Building file: ../processing.c'
'Invoking: C5500 Compiler'
"C:/ti/ccsv6/tools/compiler/c5500_4.4.1/bin/cl55" -v5515 --memory_model=large -g --include_path="C:/ti/ccsv6/tools/compiler/c5500_4.4.1/include" --include_path="C:/materija/RA47-2014/New folder/DSP2/Zadatak1rad/EQ/c55xx_csl/inc" --include_path="C:/materija/RA47-2014/New folder/DSP2/Zadatak1rad/EQ/include" --define=c5535 --diag_warning=225 --ptrdiff_size=16 --preproc_with_compile --preproc_dependency="processing.pp"  "../processing.c"
'Finished building: ../processing.c'
' '
gmake: Target `all' not remade because of errors.

**** Build Finished ****

**** Build of configuration Debug for project EQ ****

"C:\\ti\\ccsv6\\utils\\bin\\gmake" -k all 
'Building file: ../main.c'
'Invoking: C5500 Compiler'
"C:/ti/ccsv6/tools/compiler/c5500_4.4.1/bin/cl55" -v5515 --memory_model=large -g --include_path="C:/ti/ccsv6/tools/compiler/c5500_4.4.1/include" --include_path="C:/materija/RA47-2014/New folder/DSP2/Zadatak1rad/EQ/c55xx_csl/inc" --include_path="C:/materija/RA47-2014/New folder/DSP2/Zadatak1rad/EQ/include" --define=c5535 --diag_warning=225 --ptrdiff_size=16 --preproc_with_compile --preproc_dependency="main.pp"  "../main.c"
"../main.c", line 74: warning: statement is unreachable
'Finished building: ../main.c'
' '
'Building target: EQ.out'
'Invoking: C5500 Linker'
"C:/ti/ccsv6/tools/compiler/c5500_4.4.1/bin/cl55" -v5515 --memory_model=large -g --define=c5535 --diag_warning=225 --ptrdiff_size=16 -z -m"EQ.map" --stack_size=0x200 --heap_size=0x400 -i"C:/ti/ccsv6/tools/compiler/c5500_4.4.1/lib" -i"C:/ti/ccsv6/tools/compiler/c5500_4.4.1/include" -i"C:/materija/RA47-2014/New folder/DSP2/Zadatak1rad/EQ/c55xx_csl/lib" -i"C:/materija/RA47-2014/New folder/DSP2/Zadatak1rad/EQ/lib" --reread_libs --warn_sections --xml_link_info="vezba-ezdsp_linkInfo.xml" --rom_model --sys_stacksize=0x200 -o "EQ.out" "./aic3204.obj" "./aic3204_init.obj" "./ezdsp5535_aic3204_dma.obj" "./iir.obj" "./main.obj" "./print_number.obj" "./processing.obj" "../lnkx.cmd" "../lib/ezdsp5535bsl.lib" "../c55xx_csl/lib/cslVC5505.lib"  -l"rts55x.lib" -l"ezdsp5535bsl.lib" -l"cslVC5505.lib" -l"libc.a" 
<Linking>
'Finished building target: EQ.out'
' '

**** Build Finished ****

**** Build of configuration Debug for project EQ ****

"C:\\ti\\ccsv6\\utils\\bin\\gmake" -k all 
'Building file: ../main.c'
'Invoking: C5500 Compiler'
"C:/ti/ccsv6/tools/compiler/c5500_4.4.1/bin/cl55" -v5515 --memory_model=large -g --include_path="C:/ti/ccsv6/tools/compiler/c5500_4.4.1/include" --include_path="C:/materija/RA47-2014/New folder/DSP2/Zadatak1rad/EQ/c55xx_csl/inc" --include_path="C:/materija/RA47-2014/New folder/DSP2/Zadatak1rad/EQ/include" --define=c5535 --diag_warning=225 --ptrdiff_size=16 --preproc_with_compile --preproc_dependency="main.pp"  "../main.c"
"../main.c", line 84: warning: statement is unreachable
'Finished building: ../main.c'
' '
'Building file: ../processing.c'
'Invoking: C5500 Compiler'
"C:/ti/ccsv6/tools/compiler/c5500_4.4.1/bin/cl55" -v5515 --memory_model=large -g --include_path="C:/ti/ccsv6/tools/compiler/c5500_4.4.1/include" --include_path="C:/materija/RA47-2014/New folder/DSP2/Zadatak1rad/EQ/c55xx_csl/inc" --include_path="C:/materija/RA47-2014/New folder/DSP2/Zadatak1rad/EQ/include" --define=c5535 --diag_warning=225 --ptrdiff_size=16 --preproc_with_compile --preproc_dependency="processing.pp"  "../processing.c"
"../processing.c", line 26: warning: shift count is too large
"../processing.c", line 31: error: identifier "coef" is undefined

"../processing.c", line 33: warning: shift count is too large
>> Compilation failure
"../processing.c", line 40: warning: shift count is too large
1 error detected in the compilation of "../processing.c".
gmake: *** [processing.obj] Error 1
gmake: Target `all' not remade because of errors.

**** Build Finished ****

**** Build of configuration Debug for project EQ ****

"C:\\ti\\ccsv6\\utils\\bin\\gmake" -k all 
'Building file: ../processing.c'
'Invoking: C5500 Compiler'
"C:/ti/ccsv6/tools/compiler/c5500_4.4.1/bin/cl55" -v5515 --memory_model=large -g --include_path="C:/ti/ccsv6/tools/compiler/c5500_4.4.1/include" --include_path="C:/materija/RA47-2014/New folder/DSP2/Zadatak1rad/EQ/c55xx_csl/inc" --include_path="C:/materija/RA47-2014/New folder/DSP2/Zadatak1rad/EQ/include" --define=c5535 --diag_warning=225 --ptrdiff_size=16 --preproc_with_compile --preproc_dependency="processing.pp"  "../processing.c"
"../processing.c", line 26: warning: shift count is too large
"../processing.c", line 33: warning: shift count is too large
"../processing.c", line 40: warning: shift count is too large
'Finished building: ../processing.c'
' '
'Building target: EQ.out'
'Invoking: C5500 Linker'
"C:/ti/ccsv6/tools/compiler/c5500_4.4.1/bin/cl55" -v5515 --memory_model=large -g --define=c5535 --diag_warning=225 --ptrdiff_size=16 -z -m"EQ.map" --stack_size=0x200 --heap_size=0x400 -i"C:/ti/ccsv6/tools/compiler/c5500_4.4.1/lib" -i"C:/ti/ccsv6/tools/compiler/c5500_4.4.1/include" -i"C:/materija/RA47-2014/New folder/DSP2/Zadatak1rad/EQ/c55xx_csl/lib" -i"C:/materija/RA47-2014/New folder/DSP2/Zadatak1rad/EQ/lib" --reread_libs --warn_sections --xml_link_info="vezba-ezdsp_linkInfo.xml" --rom_model --sys_stacksize=0x200 -o "EQ.out" "./aic3204.obj" "./aic3204_init.obj" "./ezdsp5535_aic3204_dma.obj" "./iir.obj" "./main.obj" "./print_number.obj" "./processing.obj" "../lnkx.cmd" "../lib/ezdsp5535bsl.lib" "../c55xx_csl/lib/cslVC5505.lib"  -l"rts55x.lib" -l"ezdsp5535bsl.lib" -l"cslVC5505.lib" -l"libc.a" 
<Linking>
'Finished building target: EQ.out'
' '

**** Build Finished ****

**** Build of configuration Debug for project EQ ****

"C:\\ti\\ccsv6\\utils\\bin\\gmake" -k all 
'Building file: ../main.c'
'Invoking: C5500 Compiler'
"C:/ti/ccsv6/tools/compiler/c5500_4.4.1/bin/cl55" -v5515 --memory_model=large -g --include_path="C:/ti/ccsv6/tools/compiler/c5500_4.4.1/include" --include_path="C:/materija/RA47-2014/New folder/DSP2/Zadatak1rad/EQ/c55xx_csl/inc" --include_path="C:/materija/RA47-2014/New folder/DSP2/Zadatak1rad/EQ/include" --define=c5535 --diag_warning=225 --ptrdiff_size=16 --preproc_with_compile --preproc_dependency="main.pp"  "../main.c"
"../main.c", line 84: warning: statement is unreachable
'Finished building: ../main.c'
' '
'Building target: EQ.out'
'Invoking: C5500 Linker'
"C:/ti/ccsv6/tools/compiler/c5500_4.4.1/bin/cl55" -v5515 --memory_model=large -g --define=c5535 --diag_warning=225 --ptrdiff_size=16 -z -m"EQ.map" --stack_size=0x200 --heap_size=0x400 -i"C:/ti/ccsv6/tools/compiler/c5500_4.4.1/lib" -i"C:/ti/ccsv6/tools/compiler/c5500_4.4.1/include" -i"C:/materija/RA47-2014/New folder/DSP2/Zadatak1rad/EQ/c55xx_csl/lib" -i"C:/materija/RA47-2014/New folder/DSP2/Zadatak1rad/EQ/lib" --reread_libs --warn_sections --xml_link_info="vezba-ezdsp_linkInfo.xml" --rom_model --sys_stacksize=0x200 -o "EQ.out" "./aic3204.obj" "./aic3204_init.obj" "./ezdsp5535_aic3204_dma.obj" "./iir.obj" "./main.obj" "./print_number.obj" "./processing.obj" "../lnkx.cmd" "../lib/ezdsp5535bsl.lib" "../c55xx_csl/lib/cslVC5505.lib"  -l"rts55x.lib" -l"ezdsp5535bsl.lib" -l"cslVC5505.lib" -l"libc.a" 
<Linking>
'Finished building target: EQ.out'
' '

**** Build Finished ****

**** Build of configuration Debug for project EQ ****

"C:\\ti\\ccsv6\\utils\\bin\\gmake" -k all 
'Building file: ../main.c'
'Invoking: C5500 Compiler'
"C:/ti/ccsv6/tools/compiler/c5500_4.4.1/bin/cl55" -v5515 --memory_model=large -g --include_path="C:/ti/ccsv6/tools/compiler/c5500_4.4.1/include" --include_path="C:/materija/RA47-2014/New folder/DSP2/Zadatak1rad/EQ/c55xx_csl/inc" --include_path="C:/materija/RA47-2014/New folder/DSP2/Zadatak1rad/EQ/include" --define=c5535 --diag_warning=225 --ptrdiff_size=16 --preproc_with_compile --preproc_dependency="main.pp"  "../main.c"
"../main.c", line 75: error: identifier "sampleBuffer" is undefined
"../main.c", line 88: warning: statement is unreachable

1 error detected in the compilation of "../main.c".
>> Compilation failure
gmake: *** [main.obj] Error 1
gmake: Target `all' not remade because of errors.

**** Build Finished ****

**** Build of configuration Debug for project EQ ****

"C:\\ti\\ccsv6\\utils\\bin\\gmake" -k all 
'Building file: ../main.c'
'Invoking: C5500 Compiler'
"C:/ti/ccsv6/tools/compiler/c5500_4.4.1/bin/cl55" -v5515 --memory_model=large -g --include_path="C:/ti/ccsv6/tools/compiler/c5500_4.4.1/include" --include_path="C:/materija/RA47-2014/New folder/DSP2/Zadatak1rad/EQ/c55xx_csl/inc" --include_path="C:/materija/RA47-2014/New folder/DSP2/Zadatak1rad/EQ/include" --define=c5535 --diag_warning=225 --ptrdiff_size=16 --preproc_with_compile --preproc_dependency="main.pp"  "../main.c"
"../main.c", line 76: error: identifier "sampleBuffer" is undefined

"../main.c", line 88: warning: statement is unreachable
>> Compilation failure
1 error detected in the compilation of "../main.c".
gmake: *** [main.obj] Error 1
gmake: Target `all' not remade because of errors.

**** Build Finished ****

**** Build of configuration Debug for project EQ ****

"C:\\ti\\ccsv6\\utils\\bin\\gmake" -k all 
'Building file: ../main.c'
'Invoking: C5500 Compiler'
"C:/ti/ccsv6/tools/compiler/c5500_4.4.1/bin/cl55" -v5515 --memory_model=large -g --include_path="C:/ti/ccsv6/tools/compiler/c5500_4.4.1/include" --include_path="C:/materija/RA47-2014/New folder/DSP2/Zadatak1rad/EQ/c55xx_csl/inc" --include_path="C:/materija/RA47-2014/New folder/DSP2/Zadatak1rad/EQ/include" --define=c5535 --diag_warning=225 --ptrdiff_size=16 --preproc_with_compile --preproc_dependency="main.pp"  "../main.c"
"../main.c", line 88: warning: statement is unreachable
'Finished building: ../main.c'
' '
'Building target: EQ.out'
'Invoking: C5500 Linker'
"C:/ti/ccsv6/tools/compiler/c5500_4.4.1/bin/cl55" -v5515 --memory_model=large -g --define=c5535 --diag_warning=225 --ptrdiff_size=16 -z -m"EQ.map" --stack_size=0x200 --heap_size=0x400 -i"C:/ti/ccsv6/tools/compiler/c5500_4.4.1/lib" -i"C:/ti/ccsv6/tools/compiler/c5500_4.4.1/include" -i"C:/materija/RA47-2014/New folder/DSP2/Zadatak1rad/EQ/c55xx_csl/lib" -i"C:/materija/RA47-2014/New folder/DSP2/Zadatak1rad/EQ/lib" --reread_libs --warn_sections --xml_link_info="vezba-ezdsp_linkInfo.xml" --rom_model --sys_stacksize=0x200 -o "EQ.out" "./aic3204.obj" "./aic3204_init.obj" "./ezdsp5535_aic3204_dma.obj" "./iir.obj" "./main.obj" "./print_number.obj" "./processing.obj" "../lnkx.cmd" "../lib/ezdsp5535bsl.lib" "../c55xx_csl/lib/cslVC5505.lib"  -l"rts55x.lib" -l"ezdsp5535bsl.lib" -l"cslVC5505.lib" -l"libc.a" 
<Linking>
'Finished building target: EQ.out'
' '

**** Build Finished ****

**** Build of configuration Debug for project EQ ****

"C:\\ti\\ccsv6\\utils\\bin\\gmake" -k all 
gmake: Nothing to be done for `all'.

**** Build Finished ****

**** Build of configuration Debug for project EQ ****

"C:\\ti\\ccsv6\\utils\\bin\\gmake" -k all 
gmake: Nothing to be done for `all'.

**** Build Finished ****

**** Build of configuration Debug for project EQ ****

"C:\\ti\\ccsv6\\utils\\bin\\gmake" -k all 
'Building file: ../processing.c'
'Invoking: C5500 Compiler'
"C:/ti/ccsv6/tools/compiler/c5500_4.4.1/bin/cl55" -v5515 --memory_model=large -g --include_path="C:/ti/ccsv6/tools/compiler/c5500_4.4.1/include" --include_path="C:/materija/RA47-2014/New folder/DSP2/Zadatak1rad/EQ/c55xx_csl/inc" --include_path="C:/materija/RA47-2014/New folder/DSP2/Zadatak1rad/EQ/include" --define=c5535 --diag_warning=225 --ptrdiff_size=16 --preproc_with_compile --preproc_dependency="processing.pp"  "../processing.c"
"../processing.c", line 26: warning: shift count is too large
"../processing.c", line 34: warning: shift count is too large
"../processing.c", line 41: warning: shift count is too large
'Finished building: ../processing.c'
' '
'Building target: EQ.out'
'Invoking: C5500 Linker'
"C:/ti/ccsv6/tools/compiler/c5500_4.4.1/bin/cl55" -v5515 --memory_model=large -g --define=c5535 --diag_warning=225 --ptrdiff_size=16 -z -m"EQ.map" --stack_size=0x200 --heap_size=0x400 -i"C:/ti/ccsv6/tools/compiler/c5500_4.4.1/lib" -i"C:/ti/ccsv6/tools/compiler/c5500_4.4.1/include" -i"C:/materija/RA47-2014/New folder/DSP2/Zadatak1rad/EQ/c55xx_csl/lib" -i"C:/materija/RA47-2014/New folder/DSP2/Zadatak1rad/EQ/lib" --reread_libs --warn_sections --xml_link_info="vezba-ezdsp_linkInfo.xml" --rom_model --sys_stacksize=0x200 -o "EQ.out" "./aic3204.obj" "./aic3204_init.obj" "./ezdsp5535_aic3204_dma.obj" "./iir.obj" "./main.obj" "./print_number.obj" "./processing.obj" "../lnkx.cmd" "../lib/ezdsp5535bsl.lib" "../c55xx_csl/lib/cslVC5505.lib"  -l"rts55x.lib" -l"ezdsp5535bsl.lib" -l"cslVC5505.lib" -l"libc.a" 
<Linking>
'Finished building target: EQ.out'
' '

**** Build Finished ****

**** Build of configuration Debug for project EQ ****

"C:\\ti\\ccsv6\\utils\\bin\\gmake" -k all 
'Building file: ../processing.c'
'Invoking: C5500 Compiler'
"C:/ti/ccsv6/tools/compiler/c5500_4.4.1/bin/cl55" -v5515 --memory_model=large -g --include_path="C:/ti/ccsv6/tools/compiler/c5500_4.4.1/include" --include_path="C:/materija/RA47-2014/New folder/DSP2/Zadatak1rad/EQ/c55xx_csl/inc" --include_path="C:/materija/RA47-2014/New folder/DSP2/Zadatak1rad/EQ/include" --define=c5535 --diag_warning=225 --ptrdiff_size=16 --preproc_with_compile --preproc_dependency="processing.pp"  "../processing.c"
"../processing.c", line 26: warning: shift count is too large
"../processing.c", line 33: warning: shift count is too large
"../processing.c", line 40: warning: shift count is too large
'Finished building: ../processing.c'
' '
'Building target: EQ.out'
'Invoking: C5500 Linker'
"C:/ti/ccsv6/tools/compiler/c5500_4.4.1/bin/cl55" -v5515 --memory_model=large -g --define=c5535 --diag_warning=225 --ptrdiff_size=16 -z -m"EQ.map" --stack_size=0x200 --heap_size=0x400 -i"C:/ti/ccsv6/tools/compiler/c5500_4.4.1/lib" -i"C:/ti/ccsv6/tools/compiler/c5500_4.4.1/include" -i"C:/materija/RA47-2014/New folder/DSP2/Zadatak1rad/EQ/c55xx_csl/lib" -i"C:/materija/RA47-2014/New folder/DSP2/Zadatak1rad/EQ/lib" --reread_libs --warn_sections --xml_link_info="vezba-ezdsp_linkInfo.xml" --rom_model --sys_stacksize=0x200 -o "EQ.out" "./aic3204.obj" "./aic3204_init.obj" "./ezdsp5535_aic3204_dma.obj" "./iir.obj" "./main.obj" "./print_number.obj" "./processing.obj" "../lnkx.cmd" "../lib/ezdsp5535bsl.lib" "../c55xx_csl/lib/cslVC5505.lib"  -l"rts55x.lib" -l"ezdsp5535bsl.lib" -l"cslVC5505.lib" -l"libc.a" 
<Linking>
'Finished building target: EQ.out'
' '

**** Build Finished ****

**** Build of configuration Debug for project EQ ****

"C:\\ti\\ccsv6\\utils\\bin\\gmake" -k all 
gmake: Nothing to be done for `all'.

**** Build Finished ****

**** Build of configuration Debug for project EQ ****

"C:\\ti\\ccsv6\\utils\\bin\\gmake" -k all 
'Building file: ../processing.c'
'Invoking: C5500 Compiler'
"C:/ti/ccsv6/tools/compiler/c5500_4.4.1/bin/cl55" -v5515 --memory_model=large -g --include_path="C:/ti/ccsv6/tools/compiler/c5500_4.4.1/include" --include_path="C:/materija/RA47-2014/New folder/DSP2/Zadatak1rad/EQ/c55xx_csl/inc" --include_path="C:/materija/RA47-2014/New folder/DSP2/Zadatak1rad/EQ/include" --define=c5535 --diag_warning=225 --ptrdiff_size=16 --preproc_with_compile --preproc_dependency="processing.pp"  "../processing.c"
"../processing.c", line 26: warning: shift count is too large
"../processing.c", line 42: warning: shift count is too large
'Finished building: ../processing.c'
' '
'Building target: EQ.out'
'Invoking: C5500 Linker'
"C:/ti/ccsv6/tools/compiler/c5500_4.4.1/bin/cl55" -v5515 --memory_model=large -g --define=c5535 --diag_warning=225 --ptrdiff_size=16 -z -m"EQ.map" --stack_size=0x200 --heap_size=0x400 -i"C:/ti/ccsv6/tools/compiler/c5500_4.4.1/lib" -i"C:/ti/ccsv6/tools/compiler/c5500_4.4.1/include" -i"C:/materija/RA47-2014/New folder/DSP2/Zadatak1rad/EQ/c55xx_csl/lib" -i"C:/materija/RA47-2014/New folder/DSP2/Zadatak1rad/EQ/lib" --reread_libs --warn_sections --xml_link_info="vezba-ezdsp_linkInfo.xml" --rom_model --sys_stacksize=0x200 -o "EQ.out" "./aic3204.obj" "./aic3204_init.obj" "./ezdsp5535_aic3204_dma.obj" "./iir.obj" "./main.obj" "./print_number.obj" "./processing.obj" "../lnkx.cmd" "../lib/ezdsp5535bsl.lib" "../c55xx_csl/lib/cslVC5505.lib"  -l"rts55x.lib" -l"ezdsp5535bsl.lib" -l"cslVC5505.lib" -l"libc.a" 
<Linking>
'Finished building target: EQ.out'
' '

**** Build Finished ****

**** Build of configuration Debug for project EQ ****

"C:\\ti\\ccsv6\\utils\\bin\\gmake" -k all 
gmake: Nothing to be done for `all'.

**** Build Finished ****

**** Build of configuration Debug for project EQ ****

"C:\\ti\\ccsv6\\utils\\bin\\gmake" -k all 
'Building file: ../processing.c'
'Invoking: C5500 Compiler'
"C:/ti/ccsv6/tools/compiler/c5500_4.4.1/bin/cl55" -v5515 --memory_model=large -g --include_path="C:/ti/ccsv6/tools/compiler/c5500_4.4.1/include" --include_path="C:/materija/RA47-2014/New folder/DSP2/Zadatak1rad/EQ/c55xx_csl/inc" --include_path="C:/materija/RA47-2014/New folder/DSP2/Zadatak1rad/EQ/include" --define=c5535 --diag_warning=225 --ptrdiff_size=16 --preproc_with_compile --preproc_dependency="processing.pp"  "../processing.c"
"../processing.c", line 26: warning: shift count is too large
"../processing.c", line 42: warning: shift count is too large
'Finished building: ../processing.c'
' '
'Building target: EQ.out'
'Invoking: C5500 Linker'
"C:/ti/ccsv6/tools/compiler/c5500_4.4.1/bin/cl55" -v5515 --memory_model=large -g --define=c5535 --diag_warning=225 --ptrdiff_size=16 -z -m"EQ.map" --stack_size=0x200 --heap_size=0x400 -i"C:/ti/ccsv6/tools/compiler/c5500_4.4.1/lib" -i"C:/ti/ccsv6/tools/compiler/c5500_4.4.1/include" -i"C:/materija/RA47-2014/New folder/DSP2/Zadatak1rad/EQ/c55xx_csl/lib" -i"C:/materija/RA47-2014/New folder/DSP2/Zadatak1rad/EQ/lib" --reread_libs --warn_sections --xml_link_info="vezba-ezdsp_linkInfo.xml" --rom_model --sys_stacksize=0x200 -o "EQ.out" "./aic3204.obj" "./aic3204_init.obj" "./ezdsp5535_aic3204_dma.obj" "./iir.obj" "./main.obj" "./print_number.obj" "./processing.obj" "../lnkx.cmd" "../lib/ezdsp5535bsl.lib" "../c55xx_csl/lib/cslVC5505.lib"  -l"rts55x.lib" -l"ezdsp5535bsl.lib" -l"cslVC5505.lib" -l"libc.a" 
<Linking>
'Finished building target: EQ.out'
' '

**** Build Finished ****

**** Build of configuration Debug for project EQ ****

"C:\\ti\\ccsv6\\utils\\bin\\gmake" -k all 
'Building file: ../processing.c'
'Invoking: C5500 Compiler'
"C:/ti/ccsv6/tools/compiler/c5500_4.4.1/bin/cl55" -v5515 --memory_model=large -g --include_path="C:/ti/ccsv6/tools/compiler/c5500_4.4.1/include" --include_path="C:/materija/RA47-2014/New folder/DSP2/Zadatak1rad/EQ/c55xx_csl/inc" --include_path="C:/materija/RA47-2014/New folder/DSP2/Zadatak1rad/EQ/include" --define=c5535 --diag_warning=225 --ptrdiff_size=16 --preproc_with_compile --preproc_dependency="processing.pp"  "../processing.c"
"../processing.c", line 26: warning: shift count is too large
"../processing.c", line 40: warning: shift count is too large
'Finished building: ../processing.c'
' '
'Building target: EQ.out'
'Invoking: C5500 Linker'
"C:/ti/ccsv6/tools/compiler/c5500_4.4.1/bin/cl55" -v5515 --memory_model=large -g --define=c5535 --diag_warning=225 --ptrdiff_size=16 -z -m"EQ.map" --stack_size=0x200 --heap_size=0x400 -i"C:/ti/ccsv6/tools/compiler/c5500_4.4.1/lib" -i"C:/ti/ccsv6/tools/compiler/c5500_4.4.1/include" -i"C:/materija/RA47-2014/New folder/DSP2/Zadatak1rad/EQ/c55xx_csl/lib" -i"C:/materija/RA47-2014/New folder/DSP2/Zadatak1rad/EQ/lib" --reread_libs --warn_sections --xml_link_info="vezba-ezdsp_linkInfo.xml" --rom_model --sys_stacksize=0x200 -o "EQ.out" "./aic3204.obj" "./aic3204_init.obj" "./ezdsp5535_aic3204_dma.obj" "./iir.obj" "./main.obj" "./print_number.obj" "./processing.obj" "../lnkx.cmd" "../lib/ezdsp5535bsl.lib" "../c55xx_csl/lib/cslVC5505.lib"  -l"rts55x.lib" -l"ezdsp5535bsl.lib" -l"cslVC5505.lib" -l"libc.a" 
<Linking>
'Finished building target: EQ.out'
' '

**** Build Finished ****

**** Build of configuration Debug for project EQ ****

"C:\\ti\\ccsv6\\utils\\bin\\gmake" -k all 
'Building file: ../processing.c'
'Invoking: C5500 Compiler'
"C:/ti/ccsv6/tools/compiler/c5500_4.4.1/bin/cl55" -v5515 --memory_model=large -g --include_path="C:/ti/ccsv6/tools/compiler/c5500_4.4.1/include" --include_path="C:/materija/RA47-2014/New folder/DSP2/Zadatak1rad/EQ/c55xx_csl/inc" --include_path="C:/materija/RA47-2014/New folder/DSP2/Zadatak1rad/EQ/include" --define=c5535 --diag_warning=225 --ptrdiff_size=16 --preproc_with_compile --preproc_dependency="processing.pp"  "../processing.c"
"../processing.c", line 26: warning: shift count is too large
"../processing.c", line 41: warning: shift count is too large
'Finished building: ../processing.c'
' '
'Building target: EQ.out'
'Invoking: C5500 Linker'
"C:/ti/ccsv6/tools/compiler/c5500_4.4.1/bin/cl55" -v5515 --memory_model=large -g --define=c5535 --diag_warning=225 --ptrdiff_size=16 -z -m"EQ.map" --stack_size=0x200 --heap_size=0x400 -i"C:/ti/ccsv6/tools/compiler/c5500_4.4.1/lib" -i"C:/ti/ccsv6/tools/compiler/c5500_4.4.1/include" -i"C:/materija/RA47-2014/New folder/DSP2/Zadatak1rad/EQ/c55xx_csl/lib" -i"C:/materija/RA47-2014/New folder/DSP2/Zadatak1rad/EQ/lib" --reread_libs --warn_sections --xml_link_info="vezba-ezdsp_linkInfo.xml" --rom_model --sys_stacksize=0x200 -o "EQ.out" "./aic3204.obj" "./aic3204_init.obj" "./ezdsp5535_aic3204_dma.obj" "./iir.obj" "./main.obj" "./print_number.obj" "./processing.obj" "../lnkx.cmd" "../lib/ezdsp5535bsl.lib" "../c55xx_csl/lib/cslVC5505.lib"  -l"rts55x.lib" -l"ezdsp5535bsl.lib" -l"cslVC5505.lib" -l"libc.a" 
<Linking>
'Finished building target: EQ.out'
' '

**** Build Finished ****

**** Build of configuration Debug for project EQ ****

"C:\\ti\\ccsv6\\utils\\bin\\gmake" -k all 
'Building file: ../processing.c'
'Invoking: C5500 Compiler'
"C:/ti/ccsv6/tools/compiler/c5500_4.4.1/bin/cl55" -v5515 --memory_model=large -g --include_path="C:/ti/ccsv6/tools/compiler/c5500_4.4.1/include" --include_path="C:/materija/RA47-2014/New folder/DSP2/Zadatak1rad/EQ/c55xx_csl/inc" --include_path="C:/materija/RA47-2014/New folder/DSP2/Zadatak1rad/EQ/include" --define=c5535 --diag_warning=225 --ptrdiff_size=16 --preproc_with_compile --preproc_dependency="processing.pp"  "../processing.c"
"../processing.c", line 26: warning: shift count is too large
"../processing.c", line 41: warning: shift count is too large
'Finished building: ../processing.c'
' '
'Building target: EQ.out'
'Invoking: C5500 Linker'
"C:/ti/ccsv6/tools/compiler/c5500_4.4.1/bin/cl55" -v5515 --memory_model=large -g --define=c5535 --diag_warning=225 --ptrdiff_size=16 -z -m"EQ.map" --stack_size=0x200 --heap_size=0x400 -i"C:/ti/ccsv6/tools/compiler/c5500_4.4.1/lib" -i"C:/ti/ccsv6/tools/compiler/c5500_4.4.1/include" -i"C:/materija/RA47-2014/New folder/DSP2/Zadatak1rad/EQ/c55xx_csl/lib" -i"C:/materija/RA47-2014/New folder/DSP2/Zadatak1rad/EQ/lib" --reread_libs --warn_sections --xml_link_info="vezba-ezdsp_linkInfo.xml" --rom_model --sys_stacksize=0x200 -o "EQ.out" "./aic3204.obj" "./aic3204_init.obj" "./ezdsp5535_aic3204_dma.obj" "./iir.obj" "./main.obj" "./print_number.obj" "./processing.obj" "../lnkx.cmd" "../lib/ezdsp5535bsl.lib" "../c55xx_csl/lib/cslVC5505.lib"  -l"rts55x.lib" -l"ezdsp5535bsl.lib" -l"cslVC5505.lib" -l"libc.a" 
<Linking>
'Finished building target: EQ.out'
' '

**** Build Finished ****

**** Build of configuration Debug for project EQ ****

"C:\\ti\\ccsv6\\utils\\bin\\gmake" -k all 
'Building file: ../processing.c'
'Invoking: C5500 Compiler'
"C:/ti/ccsv6/tools/compiler/c5500_4.4.1/bin/cl55" -v5515 --memory_model=large -g --include_path="C:/ti/ccsv6/tools/compiler/c5500_4.4.1/include" --include_path="C:/materija/RA47-2014/New folder/DSP2/Zadatak1rad/EQ/c55xx_csl/inc" --include_path="C:/materija/RA47-2014/New folder/DSP2/Zadatak1rad/EQ/include" --define=c5535 --diag_warning=225 --ptrdiff_size=16 --preproc_with_compile --preproc_dependency="processing.pp"  "../processing.c"
"../processing.c", line 26: warning: shift count is too large
"../processing.c", line 40: warning: shift count is too large
'Finished building: ../processing.c'
' '
'Building target: EQ.out'
'Invoking: C5500 Linker'
"C:/ti/ccsv6/tools/compiler/c5500_4.4.1/bin/cl55" -v5515 --memory_model=large -g --define=c5535 --diag_warning=225 --ptrdiff_size=16 -z -m"EQ.map" --stack_size=0x200 --heap_size=0x400 -i"C:/ti/ccsv6/tools/compiler/c5500_4.4.1/lib" -i"C:/ti/ccsv6/tools/compiler/c5500_4.4.1/include" -i"C:/materija/RA47-2014/New folder/DSP2/Zadatak1rad/EQ/c55xx_csl/lib" -i"C:/materija/RA47-2014/New folder/DSP2/Zadatak1rad/EQ/lib" --reread_libs --warn_sections --xml_link_info="vezba-ezdsp_linkInfo.xml" --rom_model --sys_stacksize=0x200 -o "EQ.out" "./aic3204.obj" "./aic3204_init.obj" "./ezdsp5535_aic3204_dma.obj" "./iir.obj" "./main.obj" "./print_number.obj" "./processing.obj" "../lnkx.cmd" "../lib/ezdsp5535bsl.lib" "../c55xx_csl/lib/cslVC5505.lib"  -l"rts55x.lib" -l"ezdsp5535bsl.lib" -l"cslVC5505.lib" -l"libc.a" 
<Linking>
'Finished building target: EQ.out'
' '

**** Build Finished ****

**** Build of configuration Debug for project EQ ****

"C:\\ti\\ccsv6\\utils\\bin\\gmake" -k all 
'Building file: ../processing.c'
'Invoking: C5500 Compiler'
"C:/ti/ccsv6/tools/compiler/c5500_4.4.1/bin/cl55" -v5515 --memory_model=large -g --include_path="C:/ti/ccsv6/tools/compiler/c5500_4.4.1/include" --include_path="C:/materija/RA47-2014/New folder/DSP2/Zadatak1rad/EQ/c55xx_csl/inc" --include_path="C:/materija/RA47-2014/New folder/DSP2/Zadatak1rad/EQ/include" --define=c5535 --diag_warning=225 --ptrdiff_size=16 --preproc_with_compile --preproc_dependency="processing.pp"  "../processing.c"
"../processing.c", line 26: warning: shift count is too large
"../processing.c", line 40: warning: shift count is too large
'Finished building: ../processing.c'
' '
'Building target: EQ.out'
'Invoking: C5500 Linker'
"C:/ti/ccsv6/tools/compiler/c5500_4.4.1/bin/cl55" -v5515 --memory_model=large -g --define=c5535 --diag_warning=225 --ptrdiff_size=16 -z -m"EQ.map" --stack_size=0x200 --heap_size=0x400 -i"C:/ti/ccsv6/tools/compiler/c5500_4.4.1/lib" -i"C:/ti/ccsv6/tools/compiler/c5500_4.4.1/include" -i"C:/materija/RA47-2014/New folder/DSP2/Zadatak1rad/EQ/c55xx_csl/lib" -i"C:/materija/RA47-2014/New folder/DSP2/Zadatak1rad/EQ/lib" --reread_libs --warn_sections --xml_link_info="vezba-ezdsp_linkInfo.xml" --rom_model --sys_stacksize=0x200 -o "EQ.out" "./aic3204.obj" "./aic3204_init.obj" "./ezdsp5535_aic3204_dma.obj" "./iir.obj" "./main.obj" "./print_number.obj" "./processing.obj" "../lnkx.cmd" "../lib/ezdsp5535bsl.lib" "../c55xx_csl/lib/cslVC5505.lib"  -l"rts55x.lib" -l"ezdsp5535bsl.lib" -l"cslVC5505.lib" -l"libc.a" 
<Linking>
'Finished building target: EQ.out'
' '

**** Build Finished ****

**** Build of configuration Debug for project EQ ****

"C:\\ti\\ccsv6\\utils\\bin\\gmake" -k all 
'Building file: ../processing.c'
'Invoking: C5500 Compiler'
"C:/ti/ccsv6/tools/compiler/c5500_4.4.1/bin/cl55" -v5515 --memory_model=large -g --include_path="C:/ti/ccsv6/tools/compiler/c5500_4.4.1/include" --include_path="C:/materija/RA47-2014/New folder/DSP2/Zadatak1rad/EQ/c55xx_csl/inc" --include_path="C:/materija/RA47-2014/New folder/DSP2/Zadatak1rad/EQ/include" --define=c5535 --diag_warning=225 --ptrdiff_size=16 --preproc_with_compile --preproc_dependency="processing.pp"  "../processing.c"
"../processing.c", line 40: warning: shift count is too large
'Finished building: ../processing.c'
' '
'Building target: EQ.out'
'Invoking: C5500 Linker'
"C:/ti/ccsv6/tools/compiler/c5500_4.4.1/bin/cl55" -v5515 --memory_model=large -g --define=c5535 --diag_warning=225 --ptrdiff_size=16 -z -m"EQ.map" --stack_size=0x200 --heap_size=0x400 -i"C:/ti/ccsv6/tools/compiler/c5500_4.4.1/lib" -i"C:/ti/ccsv6/tools/compiler/c5500_4.4.1/include" -i"C:/materija/RA47-2014/New folder/DSP2/Zadatak1rad/EQ/c55xx_csl/lib" -i"C:/materija/RA47-2014/New folder/DSP2/Zadatak1rad/EQ/lib" --reread_libs --warn_sections --xml_link_info="vezba-ezdsp_linkInfo.xml" --rom_model --sys_stacksize=0x200 -o "EQ.out" "./aic3204.obj" "./aic3204_init.obj" "./ezdsp5535_aic3204_dma.obj" "./iir.obj" "./main.obj" "./print_number.obj" "./processing.obj" "../lnkx.cmd" "../lib/ezdsp5535bsl.lib" "../c55xx_csl/lib/cslVC5505.lib"  -l"rts55x.lib" -l"ezdsp5535bsl.lib" -l"cslVC5505.lib" -l"libc.a" 
<Linking>
'Finished building target: EQ.out'
' '

**** Build Finished ****

**** Build of configuration Debug for project EQ ****

"C:\\ti\\ccsv6\\utils\\bin\\gmake" -k all 
'Building file: ../main.c'
'Invoking: C5500 Compiler'
"C:/ti/ccsv6/tools/compiler/c5500_4.4.1/bin/cl55" -v5515 --memory_model=large -g --include_path="C:/ti/ccsv6/tools/compiler/c5500_4.4.1/include" --include_path="C:/materija/RA47-2014/New folder/DSP2/Zadatak1rad/EQ/c55xx_csl/inc" --include_path="C:/materija/RA47-2014/New folder/DSP2/Zadatak1rad/EQ/include" --define=c5535 --diag_warning=225 --ptrdiff_size=16 --preproc_with_compile --preproc_dependency="main.pp"  "../main.c"
"../main.c", line 90: warning: statement is unreachable
'Finished building: ../main.c'
' '
'Building target: EQ.out'
'Invoking: C5500 Linker'
"C:/ti/ccsv6/tools/compiler/c5500_4.4.1/bin/cl55" -v5515 --memory_model=large -g --define=c5535 --diag_warning=225 --ptrdiff_size=16 -z -m"EQ.map" --stack_size=0x200 --heap_size=0x400 -i"C:/ti/ccsv6/tools/compiler/c5500_4.4.1/lib" -i"C:/ti/ccsv6/tools/compiler/c5500_4.4.1/include" -i"C:/materija/RA47-2014/New folder/DSP2/Zadatak1rad/EQ/c55xx_csl/lib" -i"C:/materija/RA47-2014/New folder/DSP2/Zadatak1rad/EQ/lib" --reread_libs --warn_sections --xml_link_info="vezba-ezdsp_linkInfo.xml" --rom_model --sys_stacksize=0x200 -o "EQ.out" "./aic3204.obj" "./aic3204_init.obj" "./ezdsp5535_aic3204_dma.obj" "./iir.obj" "./main.obj" "./print_number.obj" "./processing.obj" "../lnkx.cmd" "../lib/ezdsp5535bsl.lib" "../c55xx_csl/lib/cslVC5505.lib"  -l"rts55x.lib" -l"ezdsp5535bsl.lib" -l"cslVC5505.lib" -l"libc.a" 
<Linking>
'Finished building target: EQ.out'
' '

**** Build Finished ****

**** Build of configuration Debug for project EQ ****

"C:\\ti\\ccsv6\\utils\\bin\\gmake" -k all 
'Building file: ../main.c'
'Invoking: C5500 Compiler'
"C:/ti/ccsv6/tools/compiler/c5500_4.4.1/bin/cl55" -v5515 --memory_model=large -g --include_path="C:/ti/ccsv6/tools/compiler/c5500_4.4.1/include" --include_path="C:/materija/RA47-2014/New folder/DSP2/Zadatak1rad/EQ/c55xx_csl/inc" --include_path="C:/materija/RA47-2014/New folder/DSP2/Zadatak1rad/EQ/include" --define=c5535 --diag_warning=225 --ptrdiff_size=16 --preproc_with_compile --preproc_dependency="main.pp"  "../main.c"
"../main.c", line 90: warning: statement is unreachable
'Finished building: ../main.c'
' '
'Building target: EQ.out'
'Invoking: C5500 Linker'
"C:/ti/ccsv6/tools/compiler/c5500_4.4.1/bin/cl55" -v5515 --memory_model=large -g --define=c5535 --diag_warning=225 --ptrdiff_size=16 -z -m"EQ.map" --stack_size=0x200 --heap_size=0x400 -i"C:/ti/ccsv6/tools/compiler/c5500_4.4.1/lib" -i"C:/ti/ccsv6/tools/compiler/c5500_4.4.1/include" -i"C:/materija/RA47-2014/New folder/DSP2/Zadatak1rad/EQ/c55xx_csl/lib" -i"C:/materija/RA47-2014/New folder/DSP2/Zadatak1rad/EQ/lib" --reread_libs --warn_sections --xml_link_info="vezba-ezdsp_linkInfo.xml" --rom_model --sys_stacksize=0x200 -o "EQ.out" "./aic3204.obj" "./aic3204_init.obj" "./ezdsp5535_aic3204_dma.obj" "./iir.obj" "./main.obj" "./print_number.obj" "./processing.obj" "../lnkx.cmd" "../lib/ezdsp5535bsl.lib" "../c55xx_csl/lib/cslVC5505.lib"  -l"rts55x.lib" -l"ezdsp5535bsl.lib" -l"cslVC5505.lib" -l"libc.a" 
<Linking>
'Finished building target: EQ.out'
' '

**** Build Finished ****

**** Build of configuration Debug for project EQ ****

"C:\\ti\\ccsv6\\utils\\bin\\gmake" -k all 
'Building file: ../main.c'
'Invoking: C5500 Compiler'
"C:/ti/ccsv6/tools/compiler/c5500_4.4.1/bin/cl55" -v5515 --memory_model=large -g --include_path="C:/ti/ccsv6/tools/compiler/c5500_4.4.1/include" --include_path="C:/materija/RA47-2014/New folder/DSP2/Zadatak1rad/EQ/c55xx_csl/inc" --include_path="C:/materija/RA47-2014/New folder/DSP2/Zadatak1rad/EQ/include" --define=c5535 --diag_warning=225 --ptrdiff_size=16 --preproc_with_compile --preproc_dependency="main.pp"  "../main.c"
"../main.c", line 90: warning: statement is unreachable
'Finished building: ../main.c'
' '
'Building target: EQ.out'
'Invoking: C5500 Linker'
"C:/ti/ccsv6/tools/compiler/c5500_4.4.1/bin/cl55" -v5515 --memory_model=large -g --define=c5535 --diag_warning=225 --ptrdiff_size=16 -z -m"EQ.map" --stack_size=0x200 --heap_size=0x400 -i"C:/ti/ccsv6/tools/compiler/c5500_4.4.1/lib" -i"C:/ti/ccsv6/tools/compiler/c5500_4.4.1/include" -i"C:/materija/RA47-2014/New folder/DSP2/Zadatak1rad/EQ/c55xx_csl/lib" -i"C:/materija/RA47-2014/New folder/DSP2/Zadatak1rad/EQ/lib" --reread_libs --warn_sections --xml_link_info="vezba-ezdsp_linkInfo.xml" --rom_model --sys_stacksize=0x200 -o "EQ.out" "./aic3204.obj" "./aic3204_init.obj" "./ezdsp5535_aic3204_dma.obj" "./iir.obj" "./main.obj" "./print_number.obj" "./processing.obj" "../lnkx.cmd" "../lib/ezdsp5535bsl.lib" "../c55xx_csl/lib/cslVC5505.lib"  -l"rts55x.lib" -l"ezdsp5535bsl.lib" -l"cslVC5505.lib" -l"libc.a" 
<Linking>
'Finished building target: EQ.out'
' '

**** Build Finished ****

**** Build of configuration Debug for project EQ ****

"C:\\ti\\ccsv6\\utils\\bin\\gmake" -k all 
'Building file: ../main.c'
'Invoking: C5500 Compiler'
"C:/ti/ccsv6/tools/compiler/c5500_4.4.1/bin/cl55" -v5515 --memory_model=large -g --include_path="C:/ti/ccsv6/tools/compiler/c5500_4.4.1/include" --include_path="C:/materija/RA47-2014/New folder/DSP2/Zadatak1rad/EQ/c55xx_csl/inc" --include_path="C:/materija/RA47-2014/New folder/DSP2/Zadatak1rad/EQ/include" --define=c5535 --diag_warning=225 --ptrdiff_size=16 --preproc_with_compile --preproc_dependency="main.pp"  "../main.c"
"../main.c", line 91: warning: statement is unreachable
'Finished building: ../main.c'
' '
'Building file: ../processing.c'
'Invoking: C5500 Compiler'
"C:/ti/ccsv6/tools/compiler/c5500_4.4.1/bin/cl55" -v5515 --memory_model=large -g --include_path="C:/ti/ccsv6/tools/compiler/c5500_4.4.1/include" --include_path="C:/materija/RA47-2014/New folder/DSP2/Zadatak1rad/EQ/c55xx_csl/inc" --include_path="C:/materija/RA47-2014/New folder/DSP2/Zadatak1rad/EQ/include" --define=c5535 --diag_warning=225 --ptrdiff_size=16 --preproc_with_compile --preproc_dependency="processing.pp"  "../processing.c"
'Finished building: ../processing.c'
' '
'Building target: EQ.out'
'Invoking: C5500 Linker'
"C:/ti/ccsv6/tools/compiler/c5500_4.4.1/bin/cl55" -v5515 --memory_model=large -g --define=c5535 --diag_warning=225 --ptrdiff_size=16 -z -m"EQ.map" --stack_size=0x200 --heap_size=0x400 -i"C:/ti/ccsv6/tools/compiler/c5500_4.4.1/lib" -i"C:/ti/ccsv6/tools/compiler/c5500_4.4.1/include" -i"C:/materija/RA47-2014/New folder/DSP2/Zadatak1rad/EQ/c55xx_csl/lib" -i"C:/materija/RA47-2014/New folder/DSP2/Zadatak1rad/EQ/lib" --reread_libs --warn_sections --xml_link_info="vezba-ezdsp_linkInfo.xml" --rom_model --sys_stacksize=0x200 -o "EQ.out" "./aic3204.obj" "./aic3204_init.obj" "./ezdsp5535_aic3204_dma.obj" "./iir.obj" "./main.obj" "./print_number.obj" "./processing.obj" "../lnkx.cmd" "../lib/ezdsp5535bsl.lib" "../c55xx_csl/lib/cslVC5505.lib"  -l"rts55x.lib" -l"ezdsp5535bsl.lib" -l"cslVC5505.lib" -l"libc.a" 
<Linking>
'Finished building target: EQ.out'
' '

**** Build Finished ****

**** Build of configuration Debug for project EQ ****

"C:\\ti\\ccsv6\\utils\\bin\\gmake" -k all 
'Building file: ../main.c'
'Invoking: C5500 Compiler'
"C:/ti/ccsv6/tools/compiler/c5500_4.4.1/bin/cl55" -v5515 --memory_model=large -g --include_path="C:/ti/ccsv6/tools/compiler/c5500_4.4.1/include" --include_path="C:/materija/RA47-2014/New folder/DSP2/Zadatak1rad/EQ/c55xx_csl/inc" --include_path="C:/materija/RA47-2014/New folder/DSP2/Zadatak1rad/EQ/include" --define=c5535 --diag_warning=225 --ptrdiff_size=16 --preproc_with_compile --preproc_dependency="main.pp"  "../main.c"
"../main.c", line 91: warning: statement is unreachable
'Finished building: ../main.c'
' '
'Building target: EQ.out'
'Invoking: C5500 Linker'
"C:/ti/ccsv6/tools/compiler/c5500_4.4.1/bin/cl55" -v5515 --memory_model=large -g --define=c5535 --diag_warning=225 --ptrdiff_size=16 -z -m"EQ.map" --stack_size=0x200 --heap_size=0x400 -i"C:/ti/ccsv6/tools/compiler/c5500_4.4.1/lib" -i"C:/ti/ccsv6/tools/compiler/c5500_4.4.1/include" -i"C:/materija/RA47-2014/New folder/DSP2/Zadatak1rad/EQ/c55xx_csl/lib" -i"C:/materija/RA47-2014/New folder/DSP2/Zadatak1rad/EQ/lib" --reread_libs --warn_sections --xml_link_info="vezba-ezdsp_linkInfo.xml" --rom_model --sys_stacksize=0x200 -o "EQ.out" "./aic3204.obj" "./aic3204_init.obj" "./ezdsp5535_aic3204_dma.obj" "./iir.obj" "./main.obj" "./print_number.obj" "./processing.obj" "../lnkx.cmd" "../lib/ezdsp5535bsl.lib" "../c55xx_csl/lib/cslVC5505.lib"  -l"rts55x.lib" -l"ezdsp5535bsl.lib" -l"cslVC5505.lib" -l"libc.a" 
<Linking>
'Finished building target: EQ.out'
' '

**** Build Finished ****

**** Build of configuration Debug for project EQ ****

"C:\\ti\\ccsv6\\utils\\bin\\gmake" -k all 
'Building file: ../main.c'
'Invoking: C5500 Compiler'
"C:/ti/ccsv6/tools/compiler/c5500_4.4.1/bin/cl55" -v5515 --memory_model=large -g --include_path="C:/ti/ccsv6/tools/compiler/c5500_4.4.1/include" --include_path="C:/materija/RA47-2014/New folder/DSP2/Zadatak1rad/EQ/c55xx_csl/inc" --include_path="C:/materija/RA47-2014/New folder/DSP2/Zadatak1rad/EQ/include" --define=c5535 --diag_warning=225 --ptrdiff_size=16 --preproc_with_compile --preproc_dependency="main.pp"  "../main.c"
"../main.c", line 91: warning: statement is unreachable
'Finished building: ../main.c'
' '
'Building file: ../processing.c'
'Invoking: C5500 Compiler'
"C:/ti/ccsv6/tools/compiler/c5500_4.4.1/bin/cl55" -v5515 --memory_model=large -g --include_path="C:/ti/ccsv6/tools/compiler/c5500_4.4.1/include" --include_path="C:/materija/RA47-2014/New folder/DSP2/Zadatak1rad/EQ/c55xx_csl/inc" --include_path="C:/materija/RA47-2014/New folder/DSP2/Zadatak1rad/EQ/include" --define=c5535 --diag_warning=225 --ptrdiff_size=16 --preproc_with_compile --preproc_dependency="processing.pp"  "../processing.c"
'Finished building: ../processing.c'
' '
'Building target: EQ.out'
'Invoking: C5500 Linker'
"C:/ti/ccsv6/tools/compiler/c5500_4.4.1/bin/cl55" -v5515 --memory_model=large -g --define=c5535 --diag_warning=225 --ptrdiff_size=16 -z -m"EQ.map" --stack_size=0x200 --heap_size=0x400 -i"C:/ti/ccsv6/tools/compiler/c5500_4.4.1/lib" -i"C:/ti/ccsv6/tools/compiler/c5500_4.4.1/include" -i"C:/materija/RA47-2014/New folder/DSP2/Zadatak1rad/EQ/c55xx_csl/lib" -i"C:/materija/RA47-2014/New folder/DSP2/Zadatak1rad/EQ/lib" --reread_libs --warn_sections --xml_link_info="vezba-ezdsp_linkInfo.xml" --rom_model --sys_stacksize=0x200 -o "EQ.out" "./aic3204.obj" "./aic3204_init.obj" "./ezdsp5535_aic3204_dma.obj" "./iir.obj" "./main.obj" "./print_number.obj" "./processing.obj" "../lnkx.cmd" "../lib/ezdsp5535bsl.lib" "../c55xx_csl/lib/cslVC5505.lib"  -l"rts55x.lib" -l"ezdsp5535bsl.lib" -l"cslVC5505.lib" -l"libc.a" 
<Linking>
'Finished building target: EQ.out'
' '

**** Build Finished ****

**** Build of configuration Debug for project EQ ****

"C:\\ti\\ccsv6\\utils\\bin\\gmake" -k all 
'Building file: ../main.c'
'Invoking: C5500 Compiler'
"C:/ti/ccsv6/tools/compiler/c5500_4.4.1/bin/cl55" -v5515 --memory_model=large -g --include_path="C:/ti/ccsv6/tools/compiler/c5500_4.4.1/include" --include_path="C:/materija/RA47-2014/New folder/DSP2/Zadatak1rad/EQ/c55xx_csl/inc" --include_path="C:/materija/RA47-2014/New folder/DSP2/Zadatak1rad/EQ/include" --define=c5535 --diag_warning=225 --ptrdiff_size=16 --preproc_with_compile --preproc_dependency="main.pp"  "../main.c"
"../main.c", line 91: warning: statement is unreachable
'Finished building: ../main.c'
' '
'Building target: EQ.out'
'Invoking: C5500 Linker'
"C:/ti/ccsv6/tools/compiler/c5500_4.4.1/bin/cl55" -v5515 --memory_model=large -g --define=c5535 --diag_warning=225 --ptrdiff_size=16 -z -m"EQ.map" --stack_size=0x200 --heap_size=0x400 -i"C:/ti/ccsv6/tools/compiler/c5500_4.4.1/lib" -i"C:/ti/ccsv6/tools/compiler/c5500_4.4.1/include" -i"C:/materija/RA47-2014/New folder/DSP2/Zadatak1rad/EQ/c55xx_csl/lib" -i"C:/materija/RA47-2014/New folder/DSP2/Zadatak1rad/EQ/lib" --reread_libs --warn_sections --xml_link_info="vezba-ezdsp_linkInfo.xml" --rom_model --sys_stacksize=0x200 -o "EQ.out" "./aic3204.obj" "./aic3204_init.obj" "./ezdsp5535_aic3204_dma.obj" "./iir.obj" "./main.obj" "./print_number.obj" "./processing.obj" "../lnkx.cmd" "../lib/ezdsp5535bsl.lib" "../c55xx_csl/lib/cslVC5505.lib"  -l"rts55x.lib" -l"ezdsp5535bsl.lib" -l"cslVC5505.lib" -l"libc.a" 
<Linking>
'Finished building target: EQ.out'
' '

**** Build Finished ****
