Build started 26.4.2017 12:22:13.
     1>Project "C:\materija\RA47-2014\DSP2\Vezba 4\audio_codec.vcxproj" on node 2 (build target(s)).
     1>InitializeBuildStatus:
         Creating "Debug\audio_codec.unsuccessfulbuild" because "AlwaysCreate" was specified.
       ClCompile:
         C:\Program Files (x86)\Microsoft Visual Studio 10.0\VC\bin\CL.exe /c /ZI /nologo /W3 /WX- /Od /Oy- /D WIN32 /D _DEBUG /D _CONSOLE /D _UNICODE /D UNICODE /Gm /EHsc /RTC1 /MDd /GS /fp:precise /Zc:wchar_t /Zc:forScope /Fo"Debug\\" /Fd"Debug\vc100.pdb" /Gd /TP /analyze- /errorReport:prompt obrada.cpp
         obrada.cpp
     1>c:\materija\ra47-2014\dsp2\vezba 4\obrada.cpp(19): warning C4101: 'j' : unreferenced local variable
       ManifestResourceCompile:
         All outputs are up-to-date.
       Link:
         C:\Program Files (x86)\Microsoft Visual Studio 10.0\VC\bin\link.exe /ERRORREPORT:PROMPT /OUT:"C:\materija\RA47-2014\DSP2\Vezba 4\Debug\audio_codec.exe" /INCREMENTAL /NOLOGO kernel32.lib user32.lib gdi32.lib winspool.lib comdlg32.lib advapi32.lib shell32.lib ole32.lib oleaut32.lib uuid.lib odbc32.lib odbccp32.lib /MANIFEST /ManifestFile:"Debug\audio_codec.exe.intermediate.manifest" /MANIFESTUAC:"level='asInvoker' uiAccess='false'" /DEBUG /PDB:"C:\materija\RA47-2014\DSP2\Vezba 4\Debug\audio_codec.pdb" /SUBSYSTEM:CONSOLE /TLBID:1 /DYNAMICBASE /NXCOMPAT /IMPLIB:"C:\materija\RA47-2014\DSP2\Vezba 4\Debug\audio_codec.lib" /MACHINE:X86 Debug\audio_codec.exe.embed.manifest.res
         Debug\audio_codec.obj
         Debug\mdct.obj
         Debug\obrada.obj
       Manifest:
         C:\Program Files (x86)\Microsoft SDKs\Windows\v7.0A\bin\mt.exe /nologo /verbose /out:"Debug\audio_codec.exe.embed.manifest" /manifest Debug\audio_codec.exe.intermediate.manifest
         All outputs are up-to-date.
       LinkEmbedManifest:
         All outputs are up-to-date.
         audio_codec.vcxproj -> C:\materija\RA47-2014\DSP2\Vezba 4\Debug\audio_codec.exe
       FinalizeBuildStatus:
         Deleting file "Debug\audio_codec.unsuccessfulbuild".
         Touching "Debug\audio_codec.lastbuildstate".
     1>Done Building Project "C:\materija\RA47-2014\DSP2\Vezba 4\audio_codec.vcxproj" (build target(s)).

Build succeeded.

Time Elapsed 00:00:00.63
