C:\MATERIJA\RA47-2014\DSP2\VEZBA 4\DEBUG\AUDIO_CODEC.EXE
C:\MATERIJA\RA47-2014\DSP2\VEZBA 4\DEBUG\AUDIO_CODEC.EXE.EMBED.MANIFEST
C:\MATERIJA\RA47-2014\DSP2\VEZBA 4\DEBUG\AUDIO_CODEC.EXE.EMBED.MANIFEST.RES
C:\MATERIJA\RA47-2014\DSP2\VEZBA 4\DEBUG\AUDIO_CODEC.EXE.INTERMEDIATE.MANIFEST
C:\MATERIJA\RA47-2014\DSP2\VEZBA 4\DEBUG\AUDIO_CODEC.ILK
C:\MATERIJA\RA47-2014\DSP2\VEZBA 4\DEBUG\AUDIO_CODEC.OBJ
C:\MATERIJA\RA47-2014\DSP2\VEZBA 4\DEBUG\AUDIO_CODEC.PDB
C:\materija\RA47-2014\DSP2\Vezba 4\Debug\audio_codec.write.1.tlog
C:\materija\RA47-2014\DSP2\Vezba 4\Debug\audio_codec_manifest.rc
C:\materija\RA47-2014\DSP2\Vezba 4\Debug\cl.command.1.tlog
C:\materija\RA47-2014\DSP2\Vezba 4\Debug\CL.read.1.tlog
C:\materija\RA47-2014\DSP2\Vezba 4\Debug\CL.write.1.tlog
C:\materija\RA47-2014\DSP2\Vezba 4\Debug\link.5728.read.1.tlog
C:\materija\RA47-2014\DSP2\Vezba 4\Debug\link.5728.write.1.tlog
C:\materija\RA47-2014\DSP2\Vezba 4\Debug\link.5728-cvtres.read.1.tlog
C:\materija\RA47-2014\DSP2\Vezba 4\Debug\link.5728-cvtres.write.1.tlog
C:\materija\RA47-2014\DSP2\Vezba 4\Debug\link.command.1.tlog
C:\materija\RA47-2014\DSP2\Vezba 4\Debug\link.read.1.tlog
C:\materija\RA47-2014\DSP2\Vezba 4\Debug\link.write.1.tlog
C:\materija\RA47-2014\DSP2\Vezba 4\Debug\link-cvtres.read.1.tlog
C:\materija\RA47-2014\DSP2\Vezba 4\Debug\link-cvtres.write.1.tlog
C:\MATERIJA\RA47-2014\DSP2\VEZBA 4\DEBUG\MDCT.OBJ
C:\materija\RA47-2014\DSP2\Vezba 4\Debug\mt.command.1.tlog
C:\materija\RA47-2014\DSP2\Vezba 4\Debug\mt.read.1.tlog
C:\materija\RA47-2014\DSP2\Vezba 4\Debug\mt.write.1.tlog
C:\MATERIJA\RA47-2014\DSP2\VEZBA 4\DEBUG\OBRADA.OBJ
C:\materija\RA47-2014\DSP2\Vezba 4\Debug\rc.command.1.tlog
C:\materija\RA47-2014\DSP2\Vezba 4\Debug\rc.read.1.tlog
C:\materija\RA47-2014\DSP2\Vezba 4\Debug\rc.write.1.tlog
C:\materija\RA47-2014\DSP2\Vezba 4\Debug\vc100.idb
C:\MATERIJA\RA47-2014\DSP2\VEZBA 4\DEBUG\VC100.PDB
