
**** Build of configuration Debug for project FilterBank ****

"C:\\ti\\ccsv6\\utils\\bin\\gmake" -k all 
'Building file: ../main.c'
'Invoking: C5500 Compiler'
"C:/ti/ccsv6/tools/compiler/c5500_4.4.1/bin/cl55" -v5515 --memory_model=large -g --include_path="C:/ti/ccsv6/tools/compiler/c5500_4.4.1/include" --include_path="C:/materija/RA47-2014/New folder/DSP2/Vezba2-rad/FilterBank/c55xx_csl/inc" --include_path="C:/materija/RA47-2014/New folder/DSP2/Vezba2-rad/FilterBank/include" --define=c5535 --diag_warning=225 --ptrdiff_size=16 --preproc_with_compile --preproc_dependency="main.pp"  "../main.c"
"../main.c", line 132: warning: statement is unreachable
"../main.c", line 69: warning: variable "i" was declared but never referenced
'Finished building: ../main.c'
' '
'Building file: ../processing.c'
'Invoking: C5500 Compiler'
"C:/ti/ccsv6/tools/compiler/c5500_4.4.1/bin/cl55" -v5515 --memory_model=large -g --include_path="C:/ti/ccsv6/tools/compiler/c5500_4.4.1/include" --include_path="C:/materija/RA47-2014/New folder/DSP2/Vezba2-rad/FilterBank/c55xx_csl/inc" --include_path="C:/materija/RA47-2014/New folder/DSP2/Vezba2-rad/FilterBank/include" --define=c5535 --diag_warning=225 --ptrdiff_size=16 --preproc_with_compile --preproc_dependency="processing.pp"  "../processing.c"
'Finished building: ../processing.c'
' '
'Building target: FilterBank.out'
'Invoking: C5500 Linker'
"C:/ti/ccsv6/tools/compiler/c5500_4.4.1/bin/cl55" -v5515 --memory_model=large -g --define=c5535 --diag_warning=225 --ptrdiff_size=16 -z -m"FilterBank.map" --stack_size=0x200 --heap_size=0x400 -i"C:/ti/ccsv6/tools/compiler/c5500_4.4.1/lib" -i"C:/ti/ccsv6/tools/compiler/c5500_4.4.1/include" -i"C:/materija/RA47-2014/New folder/DSP2/Vezba2-rad/FilterBank/c55xx_csl/lib" -i"C:/materija/RA47-2014/New folder/DSP2/Vezba2-rad/FilterBank/lib" --reread_libs --warn_sections --xml_link_info="vezba-ezdsp_linkInfo.xml" --rom_model --sys_stacksize=0x200 -o "FilterBank.out" "./aic3204.obj" "./aic3204_init.obj" "./ezdsp5535_aic3204_dma.obj" "./filter_coeff.obj" "./fir.obj" "./main.obj" "./processing.obj" "../lnkx.cmd" "../lib/ezdsp5535bsl.lib" "../c55xx_csl/lib/cslVC5505.lib"  -l"rts55x.lib" -l"ezdsp5535bsl.lib" -l"cslVC5505.lib" -l"libc.a" 
<Linking>
'Finished building target: FilterBank.out'
' '

**** Build Finished ****
