
**** Build of configuration Debug for project FilterBank ****

"C:\\ti\\ccsv6\\utils\\bin\\gmake" -k all 
'Building file: ../aic3204.c'
'Invoking: C5500 Compiler'
"C:/ti/ccsv6/tools/compiler/c5500_4.4.1/bin/cl55" -v5515 --memory_model=large -g --include_path="C:/ti/ccsv6/tools/compiler/c5500_4.4.1/include" --include_path="C:/materija/RA47-2014/New folder/DSP2/Vezba2-rad/FilterBank/c55xx_csl/inc" --include_path="C:/materija/RA47-2014/New folder/DSP2/Vezba2-rad/FilterBank/include" --define=c5535 --diag_warning=225 --ptrdiff_size=16 --preproc_with_compile --preproc_dependency="aic3204.pp"  "../aic3204.c"
'Finished building: ../aic3204.c'
' '
'Building file: ../aic3204_init.c'
'Invoking: C5500 Compiler'
"C:/ti/ccsv6/tools/compiler/c5500_4.4.1/bin/cl55" -v5515 --memory_model=large -g --include_path="C:/ti/ccsv6/tools/compiler/c5500_4.4.1/include" --include_path="C:/materija/RA47-2014/New folder/DSP2/Vezba2-rad/FilterBank/c55xx_csl/inc" --include_path="C:/materija/RA47-2014/New folder/DSP2/Vezba2-rad/FilterBank/include" --define=c5535 --diag_warning=225 --ptrdiff_size=16 --preproc_with_compile --preproc_dependency="aic3204_init.pp"  "../aic3204_init.c"
'Finished building: ../aic3204_init.c'
' '
'Building file: ../ezdsp5535_aic3204_dma.c'
'Invoking: C5500 Compiler'
"C:/ti/ccsv6/tools/compiler/c5500_4.4.1/bin/cl55" -v5515 --memory_model=large -g --include_path="C:/ti/ccsv6/tools/compiler/c5500_4.4.1/include" --include_path="C:/materija/RA47-2014/New folder/DSP2/Vezba2-rad/FilterBank/c55xx_csl/inc" --include_path="C:/materija/RA47-2014/New folder/DSP2/Vezba2-rad/FilterBank/include" --define=c5535 --diag_warning=225 --ptrdiff_size=16 --preproc_with_compile --preproc_dependency="ezdsp5535_aic3204_dma.pp"  "../ezdsp5535_aic3204_dma.c"
'Finished building: ../ezdsp5535_aic3204_dma.c'
' '
'Building file: ../filter_coeff.c'
'Invoking: C5500 Compiler'
"C:/ti/ccsv6/tools/compiler/c5500_4.4.1/bin/cl55" -v5515 --memory_model=large -g --include_path="C:/ti/ccsv6/tools/compiler/c5500_4.4.1/include" --include_path="C:/materija/RA47-2014/New folder/DSP2/Vezba2-rad/FilterBank/c55xx_csl/inc" --include_path="C:/materija/RA47-2014/New folder/DSP2/Vezba2-rad/FilterBank/include" --define=c5535 --diag_warning=225 --ptrdiff_size=16 --preproc_with_compile --preproc_dependency="filter_coeff.pp"  "../filter_coeff.c"
'Finished building: ../filter_coeff.c'
' '
'Building file: ../fir.c'
'Invoking: C5500 Compiler'
"C:/ti/ccsv6/tools/compiler/c5500_4.4.1/bin/cl55" -v5515 --memory_model=large -g --include_path="C:/ti/ccsv6/tools/compiler/c5500_4.4.1/include" --include_path="C:/materija/RA47-2014/New folder/DSP2/Vezba2-rad/FilterBank/c55xx_csl/inc" --include_path="C:/materija/RA47-2014/New folder/DSP2/Vezba2-rad/FilterBank/include" --define=c5535 --diag_warning=225 --ptrdiff_size=16 --preproc_with_compile --preproc_dependency="fir.pp"  "../fir.c"
'Finished building: ../fir.c'
' '
'Building file: ../main.c'
'Invoking: C5500 Compiler'
"C:/ti/ccsv6/tools/compiler/c5500_4.4.1/bin/cl55" -v5515 --memory_model=large -g --include_path="C:/ti/ccsv6/tools/compiler/c5500_4.4.1/include" --include_path="C:/materija/RA47-2014/New folder/DSP2/Vezba2-rad/FilterBank/c55xx_csl/inc" --include_path="C:/materija/RA47-2014/New folder/DSP2/Vezba2-rad/FilterBank/include" --define=c5535 --diag_warning=225 --ptrdiff_size=16 --preproc_with_compile --preproc_dependency="main.pp"  "../main.c"
"../main.c", line 102: error: argument of type "Int16 *" is incompatible with parameter of type "int"

>> Compilation failure
"../main.c", line 102: error: too many arguments in function call
"../main.c", line 103: error: argument of type "Int16 *" is incompatible with parameter of type "int"
'Building file: ../processing.c'
"../main.c", line 103: error: too many arguments in function call
"../main.c", line 104: error: argument of type "Int16 *" is incompatible with parameter of type "int"
"../main.c", line 104: error: too many arguments in function call
"../main.c", line 105: error: argument of type "Int16 *" is incompatible with parameter of type "int"
"../main.c", line 105: error: too many arguments in function call
"../main.c", line 128: warning: statement is unreachable
"../main.c", line 67: warning: variable "i" was declared but never referenced
"../main.c", line 68: warning: variable "state" was declared but never referenced
8 errors detected in the compilation of "../main.c".
gmake: *** [main.obj] Error 1
'Invoking: C5500 Compiler'
"C:/ti/ccsv6/tools/compiler/c5500_4.4.1/bin/cl55" -v5515 --memory_model=large -g --include_path="C:/ti/ccsv6/tools/compiler/c5500_4.4.1/include" --include_path="C:/materija/RA47-2014/New folder/DSP2/Vezba2-rad/FilterBank/c55xx_csl/inc" --include_path="C:/materija/RA47-2014/New folder/DSP2/Vezba2-rad/FilterBank/include" --define=c5535 --diag_warning=225 --ptrdiff_size=16 --preproc_with_compile --preproc_dependency="processing.pp"  "../processing.c"
"../processing.c", line 16: error: identifier "SIGNAL2_LENGTH" is undefined
"../processing.c", line 18: error: identifier "SIGNAL1_LENGTH" is undefined

"../processing.c", line 28: error: declaration is incompatible with "void decimate(Int16 *, Int16 *, int, int)" (declared at line 14 of "..\processing.h")
>> Compilation failure
"../processing.c", line 34: error: identifier "lp_filter" is undefined
"../processing.c", line 48: error: declaration is incompatible with "void interpolate(Int16 *, Int16 *, int, int)" (declared at line 18 of "..\processing.h")
"../processing.c", line 55: error: identifier "lp_filter" is undefined
6 errors detected in the compilation of "../processing.c".
gmake: *** [processing.obj] Error 1
gmake: Target `all' not remade because of errors.

**** Build Finished ****

**** Build of configuration Debug for project FilterBank ****

"C:\\ti\\ccsv6\\utils\\bin\\gmake" -k all 
'Building file: ../main.c'
'Invoking: C5500 Compiler'
"C:/ti/ccsv6/tools/compiler/c5500_4.4.1/bin/cl55" -v5515 --memory_model=large -g --include_path="C:/ti/ccsv6/tools/compiler/c5500_4.4.1/include" --include_path="C:/materija/RA47-2014/New folder/DSP2/Vezba2-rad/FilterBank/c55xx_csl/inc" --include_path="C:/materija/RA47-2014/New folder/DSP2/Vezba2-rad/FilterBank/include" --define=c5535 --diag_warning=225 --ptrdiff_size=16 --preproc_with_compile --preproc_dependency="main.pp"  "../main.c"
"../main.c", line 103: error: argument of type "int" is incompatible with parameter of type "Int16 *"
"../main.c", line 103: error: too few arguments in function call

"../main.c", line 104: error: argument of type "int" is incompatible with parameter of type "Int16 *"
"../main.c", line 104: error: too few arguments in function call
>> Compilation failure
"../main.c", line 122: warning: statement is unreachable
"../main.c", line 67: warning: variable "i" was declared but never referenced
"../main.c", line 68: warning: variable "state" was declared but never referenced
4 errors detected in the compilation of "../main.c".
gmake: *** [main.obj] Error 1
'Building file: ../processing.c'
'Invoking: C5500 Compiler'
"C:/ti/ccsv6/tools/compiler/c5500_4.4.1/bin/cl55" -v5515 --memory_model=large -g --include_path="C:/ti/ccsv6/tools/compiler/c5500_4.4.1/include" --include_path="C:/materija/RA47-2014/New folder/DSP2/Vezba2-rad/FilterBank/c55xx_csl/inc" --include_path="C:/materija/RA47-2014/New folder/DSP2/Vezba2-rad/FilterBank/include" --define=c5535 --diag_warning=225 --ptrdiff_size=16 --preproc_with_compile --preproc_dependency="processing.pp"  "../processing.c"
"../processing.c", line 29: error: identifier "pom1" is undefined
1 error detected in the compilation of "../processing.c".

>> Compilation failure
gmake: *** [processing.obj] Error 1
gmake: Target `all' not remade because of errors.

**** Build Finished ****

**** Build of configuration Debug for project FilterBank ****

"C:\\ti\\ccsv6\\utils\\bin\\gmake" -k all 
'Building file: ../main.c'
'Invoking: C5500 Compiler'
"C:/ti/ccsv6/tools/compiler/c5500_4.4.1/bin/cl55" -v5515 --memory_model=large -g --include_path="C:/ti/ccsv6/tools/compiler/c5500_4.4.1/include" --include_path="C:/materija/RA47-2014/New folder/DSP2/Vezba2-rad/FilterBank/c55xx_csl/inc" --include_path="C:/materija/RA47-2014/New folder/DSP2/Vezba2-rad/FilterBank/include" --define=c5535 --diag_warning=225 --ptrdiff_size=16 --preproc_with_compile --preproc_dependency="main.pp"  "../main.c"
"../main.c", line 103: error: argument of type "int" is incompatible with parameter of type "Int16 *"
"../main.c", line 103: error: too few arguments in function call
"../main.c", line 104: error: argument of type "int" is incompatible with parameter of type "Int16 *"
"../main.c", line 104: error: too few arguments in function call
"../main.c", line 122: warning: statement is unreachable

>> Compilation failure
"../main.c", line 67: warning: variable "i" was declared but never referenced
"../main.c", line 68: warning: variable "state" was declared but never referenced
4 errors detected in the compilation of "../main.c".
gmake: *** [main.obj] Error 1
'Building file: ../processing.c'
'Invoking: C5500 Compiler'
"C:/ti/ccsv6/tools/compiler/c5500_4.4.1/bin/cl55" -v5515 --memory_model=large -g --include_path="C:/ti/ccsv6/tools/compiler/c5500_4.4.1/include" --include_path="C:/materija/RA47-2014/New folder/DSP2/Vezba2-rad/FilterBank/c55xx_csl/inc" --include_path="C:/materija/RA47-2014/New folder/DSP2/Vezba2-rad/FilterBank/include" --define=c5535 --diag_warning=225 --ptrdiff_size=16 --preproc_with_compile --preproc_dependency="processing.pp"  "../processing.c"
'Finished building: ../processing.c'
' '
gmake: Target `all' not remade because of errors.

**** Build Finished ****

**** Build of configuration Debug for project FilterBank ****

"C:\\ti\\ccsv6\\utils\\bin\\gmake" -k all 
'Building file: ../main.c'
'Invoking: C5500 Compiler'
"C:/ti/ccsv6/tools/compiler/c5500_4.4.1/bin/cl55" -v5515 --memory_model=large -g --include_path="C:/ti/ccsv6/tools/compiler/c5500_4.4.1/include" --include_path="C:/materija/RA47-2014/New folder/DSP2/Vezba2-rad/FilterBank/c55xx_csl/inc" --include_path="C:/materija/RA47-2014/New folder/DSP2/Vezba2-rad/FilterBank/include" --define=c5535 --diag_warning=225 --ptrdiff_size=16 --preproc_with_compile --preproc_dependency="main.pp"  "../main.c"
"../main.c", line 122: warning: statement is unreachable
"../main.c", line 67: warning: variable "i" was declared but never referenced
"../main.c", line 68: warning: variable "state" was declared but never referenced
'Finished building: ../main.c'
' '
'Building target: FilterBank.out'
'Invoking: C5500 Linker'
"C:/ti/ccsv6/tools/compiler/c5500_4.4.1/bin/cl55" -v5515 --memory_model=large -g --define=c5535 --diag_warning=225 --ptrdiff_size=16 -z -m"FilterBank.map" --stack_size=0x200 --heap_size=0x400 -i"C:/ti/ccsv6/tools/compiler/c5500_4.4.1/lib" -i"C:/ti/ccsv6/tools/compiler/c5500_4.4.1/include" -i"C:/materija/RA47-2014/New folder/DSP2/Vezba2-rad/FilterBank/c55xx_csl/lib" -i"C:/materija/RA47-2014/New folder/DSP2/Vezba2-rad/FilterBank/lib" --reread_libs --warn_sections --xml_link_info="vezba-ezdsp_linkInfo.xml" --rom_model --sys_stacksize=0x200 -o "FilterBank.out" "./aic3204.obj" "./aic3204_init.obj" "./ezdsp5535_aic3204_dma.obj" "./filter_coeff.obj" "./fir.obj" "./main.obj" "./processing.obj" "../lnkx.cmd" "../lib/ezdsp5535bsl.lib" "../c55xx_csl/lib/cslVC5505.lib"  -l"rts55x.lib" -l"ezdsp5535bsl.lib" -l"cslVC5505.lib" -l"libc.a" 
<Linking>
'Finished building target: FilterBank.out'
' '

**** Build Finished ****

**** Build of configuration Debug for project FilterBank ****

"C:\\ti\\ccsv6\\utils\\bin\\gmake" -k all 
'Building file: ../main.c'
'Invoking: C5500 Compiler'
"C:/ti/ccsv6/tools/compiler/c5500_4.4.1/bin/cl55" -v5515 --memory_model=large -g --include_path="C:/ti/ccsv6/tools/compiler/c5500_4.4.1/include" --include_path="C:/materija/RA47-2014/New folder/DSP2/Vezba2-rad/FilterBank/c55xx_csl/inc" --include_path="C:/materija/RA47-2014/New folder/DSP2/Vezba2-rad/FilterBank/include" --define=c5535 --diag_warning=225 --ptrdiff_size=16 --preproc_with_compile --preproc_dependency="main.pp"  "../main.c"
"../main.c", line 122: warning: statement is unreachable
"../main.c", line 67: warning: variable "i" was declared but never referenced
"../main.c", line 68: warning: variable "state" was declared but never referenced
'Finished building: ../main.c'
' '
'Building target: FilterBank.out'
'Invoking: C5500 Linker'
"C:/ti/ccsv6/tools/compiler/c5500_4.4.1/bin/cl55" -v5515 --memory_model=large -g --define=c5535 --diag_warning=225 --ptrdiff_size=16 -z -m"FilterBank.map" --stack_size=0x200 --heap_size=0x400 -i"C:/ti/ccsv6/tools/compiler/c5500_4.4.1/lib" -i"C:/ti/ccsv6/tools/compiler/c5500_4.4.1/include" -i"C:/materija/RA47-2014/New folder/DSP2/Vezba2-rad/FilterBank/c55xx_csl/lib" -i"C:/materija/RA47-2014/New folder/DSP2/Vezba2-rad/FilterBank/lib" --reread_libs --warn_sections --xml_link_info="vezba-ezdsp_linkInfo.xml" --rom_model --sys_stacksize=0x200 -o "FilterBank.out" "./aic3204.obj" "./aic3204_init.obj" "./ezdsp5535_aic3204_dma.obj" "./filter_coeff.obj" "./fir.obj" "./main.obj" "./processing.obj" "../lnkx.cmd" "../lib/ezdsp5535bsl.lib" "../c55xx_csl/lib/cslVC5505.lib"  -l"rts55x.lib" -l"ezdsp5535bsl.lib" -l"cslVC5505.lib" -l"libc.a" 
<Linking>
'Finished building target: FilterBank.out'
' '

**** Build Finished ****

**** Build of configuration Debug for project FilterBank ****

"C:\\ti\\ccsv6\\utils\\bin\\gmake" -k all 
gmake: Nothing to be done for `all'.

**** Build Finished ****

**** Build of configuration Debug for project FilterBank ****

"C:\\ti\\ccsv6\\utils\\bin\\gmake" -k all 
'Building file: ../main.c'
'Invoking: C5500 Compiler'
"C:/ti/ccsv6/tools/compiler/c5500_4.4.1/bin/cl55" -v5515 --memory_model=large -g --include_path="C:/ti/ccsv6/tools/compiler/c5500_4.4.1/include" --include_path="C:/materija/RA47-2014/New folder/DSP2/Vezba2-rad/FilterBank/c55xx_csl/inc" --include_path="C:/materija/RA47-2014/New folder/DSP2/Vezba2-rad/FilterBank/include" --define=c5535 --diag_warning=225 --ptrdiff_size=16 --preproc_with_compile --preproc_dependency="main.pp"  "../main.c"
"../main.c", line 106: error: identifier "d4" is undefined
"../main.c", line 107: error: identifier "d5" is undefined

"../main.c", line 124: warning: statement is unreachable
>> Compilation failure
"../main.c", line 67: warning: variable "i" was declared but never referenced
"../main.c", line 68: warning: variable "state" was declared but never referenced
2 errors detected in the compilation of "../main.c".
gmake: *** [main.obj] Error 1
gmake: Target `all' not remade because of errors.

**** Build Finished ****

**** Build of configuration Debug for project FilterBank ****

"C:\\ti\\ccsv6\\utils\\bin\\gmake" -k all 
'Building file: ../main.c'
'Invoking: C5500 Compiler'
"C:/ti/ccsv6/tools/compiler/c5500_4.4.1/bin/cl55" -v5515 --memory_model=large -g --include_path="C:/ti/ccsv6/tools/compiler/c5500_4.4.1/include" --include_path="C:/materija/RA47-2014/New folder/DSP2/Vezba2-rad/FilterBank/c55xx_csl/inc" --include_path="C:/materija/RA47-2014/New folder/DSP2/Vezba2-rad/FilterBank/include" --define=c5535 --diag_warning=225 --ptrdiff_size=16 --preproc_with_compile --preproc_dependency="main.pp"  "../main.c"
"../main.c", line 126: warning: statement is unreachable
"../main.c", line 69: warning: variable "i" was declared but never referenced
"../main.c", line 70: warning: variable "state" was declared but never referenced
'Finished building: ../main.c'
' '
'Building target: FilterBank.out'
'Invoking: C5500 Linker'
"C:/ti/ccsv6/tools/compiler/c5500_4.4.1/bin/cl55" -v5515 --memory_model=large -g --define=c5535 --diag_warning=225 --ptrdiff_size=16 -z -m"FilterBank.map" --stack_size=0x200 --heap_size=0x400 -i"C:/ti/ccsv6/tools/compiler/c5500_4.4.1/lib" -i"C:/ti/ccsv6/tools/compiler/c5500_4.4.1/include" -i"C:/materija/RA47-2014/New folder/DSP2/Vezba2-rad/FilterBank/c55xx_csl/lib" -i"C:/materija/RA47-2014/New folder/DSP2/Vezba2-rad/FilterBank/lib" --reread_libs --warn_sections --xml_link_info="vezba-ezdsp_linkInfo.xml" --rom_model --sys_stacksize=0x200 -o "FilterBank.out" "./aic3204.obj" "./aic3204_init.obj" "./ezdsp5535_aic3204_dma.obj" "./filter_coeff.obj" "./fir.obj" "./main.obj" "./processing.obj" "../lnkx.cmd" "../lib/ezdsp5535bsl.lib" "../c55xx_csl/lib/cslVC5505.lib"  -l"rts55x.lib" -l"ezdsp5535bsl.lib" -l"cslVC5505.lib" -l"libc.a" 
<Linking>
'Finished building target: FilterBank.out'
' '

**** Build Finished ****

**** Build of configuration Debug for project FilterBank ****

"C:\\ti\\ccsv6\\utils\\bin\\gmake" -k all 
'Building file: ../main.c'
'Invoking: C5500 Compiler'
"C:/ti/ccsv6/tools/compiler/c5500_4.4.1/bin/cl55" -v5515 --memory_model=large -g --include_path="C:/ti/ccsv6/tools/compiler/c5500_4.4.1/include" --include_path="C:/materija/RA47-2014/New folder/DSP2/Vezba2-rad/FilterBank/c55xx_csl/inc" --include_path="C:/materija/RA47-2014/New folder/DSP2/Vezba2-rad/FilterBank/include" --define=c5535 --diag_warning=225 --ptrdiff_size=16 --preproc_with_compile --preproc_dependency="main.pp"  "../main.c"
"../main.c", line 132: warning: statement is unreachable
"../main.c", line 69: warning: variable "i" was declared but never referenced
'Finished building: ../main.c'
' '
'Building file: ../processing.c'
'Invoking: C5500 Compiler'
"C:/ti/ccsv6/tools/compiler/c5500_4.4.1/bin/cl55" -v5515 --memory_model=large -g --include_path="C:/ti/ccsv6/tools/compiler/c5500_4.4.1/include" --include_path="C:/materija/RA47-2014/New folder/DSP2/Vezba2-rad/FilterBank/c55xx_csl/inc" --include_path="C:/materija/RA47-2014/New folder/DSP2/Vezba2-rad/FilterBank/include" --define=c5535 --diag_warning=225 --ptrdiff_size=16 --preproc_with_compile --preproc_dependency="processing.pp"  "../processing.c"
'Finished building: ../processing.c'
' '
'Building target: FilterBank.out'
'Invoking: C5500 Linker'
"C:/ti/ccsv6/tools/compiler/c5500_4.4.1/bin/cl55" -v5515 --memory_model=large -g --define=c5535 --diag_warning=225 --ptrdiff_size=16 -z -m"FilterBank.map" --stack_size=0x200 --heap_size=0x400 -i"C:/ti/ccsv6/tools/compiler/c5500_4.4.1/lib" -i"C:/ti/ccsv6/tools/compiler/c5500_4.4.1/include" -i"C:/materija/RA47-2014/New folder/DSP2/Vezba2-rad/FilterBank/c55xx_csl/lib" -i"C:/materija/RA47-2014/New folder/DSP2/Vezba2-rad/FilterBank/lib" --reread_libs --warn_sections --xml_link_info="vezba-ezdsp_linkInfo.xml" --rom_model --sys_stacksize=0x200 -o "FilterBank.out" "./aic3204.obj" "./aic3204_init.obj" "./ezdsp5535_aic3204_dma.obj" "./filter_coeff.obj" "./fir.obj" "./main.obj" "./processing.obj" "../lnkx.cmd" "../lib/ezdsp5535bsl.lib" "../c55xx_csl/lib/cslVC5505.lib"  -l"rts55x.lib" -l"ezdsp5535bsl.lib" -l"cslVC5505.lib" -l"libc.a" 
<Linking>
'Finished building target: FilterBank.out'
' '

**** Build Finished ****
